<?xml version="1.0" encoding="UTF-8"?>
<testsuite xmlns:xsi="http://www.w3.org/2001/XMLSchema-instance" xsi:noNamespaceSchemaLocation="https://maven.apache.org/surefire/maven-surefire-plugin/xsd/surefire-test-report-3.0.xsd" version="3.0" name="TestSuite" time="4,772.673" tests="1" errors="0" skipped="0" failures="0">
  <properties>
    <property name="java.specification.version" value="20"/>
    <property name="webdriver.chrome.driver" value="/Users/rubenhuybrighs/Repositories/CucumberFramework/src/test/resources/chromedriver"/>
    <property name="sun.jnu.encoding" value="UTF-8"/>
    <property name="java.class.path" value="/Users/rubenhuybrighs/Repositories/CucumberFramework/target/test-classes:/Users/rubenhuybrighs/Repositories/CucumberFramework/target/classes:/Users/rubenhuybrighs/.m2/repository/io/cucumber/cucumber-java/7.10.1/cucumber-java-7.10.1.jar:/Users/rubenhuybrighs/.m2/repository/io/cucumber/cucumber-core/7.10.1/cucumber-core-7.10.1.jar:/Users/rubenhuybrighs/.m2/repository/io/cucumber/cucumber-gherkin/7.10.1/cucumber-gherkin-7.10.1.jar:/Users/rubenhuybrighs/.m2/repository/io/cucumber/cucumber-gherkin-messages/7.10.1/cucumber-gherkin-messages-7.10.1.jar:/Users/rubenhuybrighs/.m2/repository/io/cucumber/gherkin/25.0.2/gherkin-25.0.2.jar:/Users/rubenhuybrighs/.m2/repository/io/cucumber/messages/19.1.4/messages-19.1.4.jar:/Users/rubenhuybrighs/.m2/repository/io/cucumber/tag-expressions/4.1.0/tag-expressions-4.1.0.jar:/Users/rubenhuybrighs/.m2/repository/io/cucumber/cucumber-expressions/16.1.1/cucumber-expressions-16.1.1.jar:/Users/rubenhuybrighs/.m2/repository/io/cucumber/datatable/7.10.1/datatable-7.10.1.jar:/Users/rubenhuybrighs/.m2/repository/io/cucumber/cucumber-plugin/7.10.1/cucumber-plugin-7.10.1.jar:/Users/rubenhuybrighs/.m2/repository/io/cucumber/docstring/7.10.1/docstring-7.10.1.jar:/Users/rubenhuybrighs/.m2/repository/io/cucumber/html-formatter/20.2.0/html-formatter-20.2.0.jar:/Users/rubenhuybrighs/.m2/repository/io/cucumber/ci-environment/9.1.0/ci-environment-9.1.0.jar:/Users/rubenhuybrighs/.m2/repository/org/apiguardian/apiguardian-api/1.1.2/apiguardian-api-1.1.2.jar:/Users/rubenhuybrighs/.m2/repository/io/cucumber/cucumber-testng/7.11.2/cucumber-testng-7.11.2.jar:/Users/rubenhuybrighs/.m2/repository/org/testng/testng/7.7.1/testng-7.7.1.jar:/Users/rubenhuybrighs/.m2/repository/com/beust/jcommander/1.82/jcommander-1.82.jar:/Users/rubenhuybrighs/.m2/repository/org/webjars/jquery/3.6.1/jquery-3.6.1.jar:/Users/rubenhuybrighs/.m2/repository/org/seleniumhq/selenium/selenium-java/4.8.3/selenium-java-4.8.3.jar:/Users/rubenhuybrighs/.m2/repository/org/seleniumhq/selenium/selenium-api/4.8.3/selenium-api-4.8.3.jar:/Users/rubenhuybrighs/.m2/repository/org/seleniumhq/selenium/selenium-chrome-driver/4.8.3/selenium-chrome-driver-4.8.3.jar:/Users/rubenhuybrighs/.m2/repository/com/google/auto/service/auto-service-annotations/1.0.1/auto-service-annotations-1.0.1.jar:/Users/rubenhuybrighs/.m2/repository/com/google/auto/service/auto-service/1.0.1/auto-service-1.0.1.jar:/Users/rubenhuybrighs/.m2/repository/com/google/auto/auto-common/1.2/auto-common-1.2.jar:/Users/rubenhuybrighs/.m2/repository/com/google/guava/guava/31.1-jre/guava-31.1-jre.jar:/Users/rubenhuybrighs/.m2/repository/com/google/guava/failureaccess/1.0.1/failureaccess-1.0.1.jar:/Users/rubenhuybrighs/.m2/repository/com/google/guava/listenablefuture/9999.0-empty-to-avoid-conflict-with-guava/listenablefuture-9999.0-empty-to-avoid-conflict-with-guava.jar:/Users/rubenhuybrighs/.m2/repository/com/google/code/findbugs/jsr305/3.0.2/jsr305-3.0.2.jar:/Users/rubenhuybrighs/.m2/repository/org/checkerframework/checker-qual/3.12.0/checker-qual-3.12.0.jar:/Users/rubenhuybrighs/.m2/repository/com/google/errorprone/error_prone_annotations/2.11.0/error_prone_annotations-2.11.0.jar:/Users/rubenhuybrighs/.m2/repository/com/google/j2objc/j2objc-annotations/1.3/j2objc-annotations-1.3.jar:/Users/rubenhuybrighs/.m2/repository/org/seleniumhq/selenium/selenium-chromium-driver/4.8.3/selenium-chromium-driver-4.8.3.jar:/Users/rubenhuybrighs/.m2/repository/org/seleniumhq/selenium/selenium-json/4.8.3/selenium-json-4.8.3.jar:/Users/rubenhuybrighs/.m2/repository/org/seleniumhq/selenium/selenium-manager/4.8.3/selenium-manager-4.8.3.jar:/Users/rubenhuybrighs/.m2/repository/org/seleniumhq/selenium/selenium-devtools-v109/4.8.3/selenium-devtools-v109-4.8.3.jar:/Users/rubenhuybrighs/.m2/repository/org/seleniumhq/selenium/selenium-devtools-v110/4.8.3/selenium-devtools-v110-4.8.3.jar:/Users/rubenhuybrighs/.m2/repository/org/seleniumhq/selenium/selenium-devtools-v111/4.8.3/selenium-devtools-v111-4.8.3.jar:/Users/rubenhuybrighs/.m2/repository/org/seleniumhq/selenium/selenium-devtools-v85/4.8.3/selenium-devtools-v85-4.8.3.jar:/Users/rubenhuybrighs/.m2/repository/org/seleniumhq/selenium/selenium-edge-driver/4.8.3/selenium-edge-driver-4.8.3.jar:/Users/rubenhuybrighs/.m2/repository/org/seleniumhq/selenium/selenium-firefox-driver/4.8.3/selenium-firefox-driver-4.8.3.jar:/Users/rubenhuybrighs/.m2/repository/org/seleniumhq/selenium/selenium-http/4.8.3/selenium-http-4.8.3.jar:/Users/rubenhuybrighs/.m2/repository/dev/failsafe/failsafe/3.3.1/failsafe-3.3.1.jar:/Users/rubenhuybrighs/.m2/repository/org/seleniumhq/selenium/selenium-ie-driver/4.8.3/selenium-ie-driver-4.8.3.jar:/Users/rubenhuybrighs/.m2/repository/org/seleniumhq/selenium/selenium-remote-driver/4.8.3/selenium-remote-driver-4.8.3.jar:/Users/rubenhuybrighs/.m2/repository/io/netty/netty-buffer/4.1.90.Final/netty-buffer-4.1.90.Final.jar:/Users/rubenhuybrighs/.m2/repository/io/netty/netty-codec-http/4.1.90.Final/netty-codec-http-4.1.90.Final.jar:/Users/rubenhuybrighs/.m2/repository/io/netty/netty-codec/4.1.90.Final/netty-codec-4.1.90.Final.jar:/Users/rubenhuybrighs/.m2/repository/io/netty/netty-handler/4.1.90.Final/netty-handler-4.1.90.Final.jar:/Users/rubenhuybrighs/.m2/repository/io/netty/netty-common/4.1.90.Final/netty-common-4.1.90.Final.jar:/Users/rubenhuybrighs/.m2/repository/io/netty/netty-transport-classes-epoll/4.1.90.Final/netty-transport-classes-epoll-4.1.90.Final.jar:/Users/rubenhuybrighs/.m2/repository/io/netty/netty-transport-classes-kqueue/4.1.90.Final/netty-transport-classes-kqueue-4.1.90.Final.jar:/Users/rubenhuybrighs/.m2/repository/io/netty/netty-transport-native-epoll/4.1.90.Final/netty-transport-native-epoll-4.1.90.Final.jar:/Users/rubenhuybrighs/.m2/repository/io/netty/netty-transport-native-kqueue/4.1.90.Final/netty-transport-native-kqueue-4.1.90.Final.jar:/Users/rubenhuybrighs/.m2/repository/io/netty/netty-transport-native-unix-common/4.1.90.Final/netty-transport-native-unix-common-4.1.90.Final.jar:/Users/rubenhuybrighs/.m2/repository/io/netty/netty-transport/4.1.90.Final/netty-transport-4.1.90.Final.jar:/Users/rubenhuybrighs/.m2/repository/io/netty/netty-resolver/4.1.90.Final/netty-resolver-4.1.90.Final.jar:/Users/rubenhuybrighs/.m2/repository/io/opentelemetry/opentelemetry-api/1.24.0/opentelemetry-api-1.24.0.jar:/Users/rubenhuybrighs/.m2/repository/io/opentelemetry/opentelemetry-context/1.24.0/opentelemetry-context-1.24.0.jar:/Users/rubenhuybrighs/.m2/repository/io/opentelemetry/opentelemetry-exporter-logging/1.24.0/opentelemetry-exporter-logging-1.24.0.jar:/Users/rubenhuybrighs/.m2/repository/io/opentelemetry/opentelemetry-sdk-metrics/1.24.0/opentelemetry-sdk-metrics-1.24.0.jar:/Users/rubenhuybrighs/.m2/repository/io/opentelemetry/opentelemetry-sdk-logs/1.24.0-alpha/opentelemetry-sdk-logs-1.24.0-alpha.jar:/Users/rubenhuybrighs/.m2/repository/io/opentelemetry/opentelemetry-api-logs/1.24.0-alpha/opentelemetry-api-logs-1.24.0-alpha.jar:/Users/rubenhuybrighs/.m2/repository/io/opentelemetry/opentelemetry-api-events/1.24.0-alpha/opentelemetry-api-events-1.24.0-alpha.jar:/Users/rubenhuybrighs/.m2/repository/io/opentelemetry/opentelemetry-sdk-common/1.24.0/opentelemetry-sdk-common-1.24.0.jar:/Users/rubenhuybrighs/.m2/repository/io/opentelemetry/opentelemetry-sdk-extension-autoconfigure-spi/1.24.0/opentelemetry-sdk-extension-autoconfigure-spi-1.24.0.jar:/Users/rubenhuybrighs/.m2/repository/io/opentelemetry/opentelemetry-sdk-extension-autoconfigure/1.24.0-alpha/opentelemetry-sdk-extension-autoconfigure-1.24.0-alpha.jar:/Users/rubenhuybrighs/.m2/repository/io/opentelemetry/opentelemetry-sdk-trace/1.24.0/opentelemetry-sdk-trace-1.24.0.jar:/Users/rubenhuybrighs/.m2/repository/io/opentelemetry/opentelemetry-sdk/1.24.0/opentelemetry-sdk-1.24.0.jar:/Users/rubenhuybrighs/.m2/repository/io/opentelemetry/opentelemetry-semconv/1.24.0-alpha/opentelemetry-semconv-1.24.0-alpha.jar:/Users/rubenhuybrighs/.m2/repository/io/ous/jtoml/2.0.0/jtoml-2.0.0.jar:/Users/rubenhuybrighs/.m2/repository/net/bytebuddy/byte-buddy/1.14.2/byte-buddy-1.14.2.jar:/Users/rubenhuybrighs/.m2/repository/org/apache/commons/commons-exec/1.3/commons-exec-1.3.jar:/Users/rubenhuybrighs/.m2/repository/org/asynchttpclient/async-http-client/2.12.3/async-http-client-2.12.3.jar:/Users/rubenhuybrighs/.m2/repository/org/asynchttpclient/async-http-client-netty-utils/2.12.3/async-http-client-netty-utils-2.12.3.jar:/Users/rubenhuybrighs/.m2/repository/io/netty/netty-codec-socks/4.1.60.Final/netty-codec-socks-4.1.60.Final.jar:/Users/rubenhuybrighs/.m2/repository/io/netty/netty-handler-proxy/4.1.60.Final/netty-handler-proxy-4.1.60.Final.jar:/Users/rubenhuybrighs/.m2/repository/io/netty/netty-transport-native-epoll/4.1.60.Final/netty-transport-native-epoll-4.1.60.Final-linux-x86_64.jar:/Users/rubenhuybrighs/.m2/repository/io/netty/netty-transport-native-kqueue/4.1.60.Final/netty-transport-native-kqueue-4.1.60.Final-osx-x86_64.jar:/Users/rubenhuybrighs/.m2/repository/com/typesafe/netty/netty-reactive-streams/2.0.4/netty-reactive-streams-2.0.4.jar:/Users/rubenhuybrighs/.m2/repository/com/sun/activation/jakarta.activation/1.2.2/jakarta.activation-1.2.2.jar:/Users/rubenhuybrighs/.m2/repository/org/seleniumhq/selenium/selenium-safari-driver/4.8.3/selenium-safari-driver-4.8.3.jar:/Users/rubenhuybrighs/.m2/repository/org/seleniumhq/selenium/selenium-support/4.8.3/selenium-support-4.8.3.jar:/Users/rubenhuybrighs/.m2/repository/org/slf4j/slf4j-api/1.7.5/slf4j-api-1.7.5.jar:/Users/rubenhuybrighs/.m2/repository/org/slf4j/slf4j-simple/1.6.4/slf4j-simple-1.6.4.jar:/Users/rubenhuybrighs/.m2/repository/io/cucumber/cucumber-picocontainer/7.11.2/cucumber-picocontainer-7.11.2.jar:/Users/rubenhuybrighs/.m2/repository/org/picocontainer/picocontainer/2.15/picocontainer-2.15.jar:/Users/rubenhuybrighs/.m2/repository/com/aventstack/extentreports/5.0.9/extentreports-5.0.9.jar:/Users/rubenhuybrighs/.m2/repository/io/reactivex/rxjava3/rxjava/3.0.4/rxjava-3.0.4.jar:/Users/rubenhuybrighs/.m2/repository/org/reactivestreams/reactive-streams/1.0.3/reactive-streams-1.0.3.jar:/Users/rubenhuybrighs/.m2/repository/org/freemarker/freemarker/2.3.30/freemarker-2.3.30.jar:/Users/rubenhuybrighs/.m2/repository/com/google/code/gson/gson/2.8.6/gson-2.8.6.jar:/Users/rubenhuybrighs/.m2/repository/tech/grasshopper/extentreports-cucumber7-adapter/1.10.1/extentreports-cucumber7-adapter-1.10.1.jar:/Users/rubenhuybrighs/.m2/repository/tech/grasshopper/extent-pdf-report/2.9.1/extent-pdf-report-2.9.1.jar:/Users/rubenhuybrighs/.m2/repository/tech/grasshopper/cucumber-pdf-report/2.11.1/cucumber-pdf-report-2.11.1.jar:/Users/rubenhuybrighs/.m2/repository/org/apache/pdfbox/pdfbox/2.0.26/pdfbox-2.0.26.jar:/Users/rubenhuybrighs/.m2/repository/org/apache/pdfbox/fontbox/2.0.26/fontbox-2.0.26.jar:/Users/rubenhuybrighs/.m2/repository/org/knowm/xchart/xchart/3.8.0/xchart-3.8.0.jar:/Users/rubenhuybrighs/.m2/repository/de/erichseifert/vectorgraphics2d/VectorGraphics2D/0.13/VectorGraphics2D-0.13.jar:/Users/rubenhuybrighs/.m2/repository/de/rototor/pdfbox/graphics2d/0.30/graphics2d-0.30.jar:/Users/rubenhuybrighs/.m2/repository/com/madgag/animated-gif-lib/1.4/animated-gif-lib-1.4.jar:/Users/rubenhuybrighs/.m2/repository/org/yaml/snakeyaml/1.28/snakeyaml-1.28.jar:/Users/rubenhuybrighs/.m2/repository/tech/grasshopper/table-layout/1.5.1/table-layout-1.5.1.jar:/Users/rubenhuybrighs/.m2/repository/tech/grasshopper/rest-assured-cucumber-pdf-report/1.4.1/rest-assured-cucumber-pdf-report-1.4.1.jar:/Users/rubenhuybrighs/.m2/repository/org/jsoup/jsoup/1.15.3/jsoup-1.15.3.jar:/Users/rubenhuybrighs/.m2/repository/com/aventstack/klov-reporter/5.0.9/klov-reporter-5.0.9.jar:/Users/rubenhuybrighs/.m2/repository/org/mongodb/mongodb-driver/3.6.4/mongodb-driver-3.6.4.jar:/Users/rubenhuybrighs/.m2/repository/org/mongodb/mongodb-driver-core/3.6.4/mongodb-driver-core-3.6.4.jar:/Users/rubenhuybrighs/.m2/repository/org/mongodb/bson/3.6.4/bson-3.6.4.jar:/Users/rubenhuybrighs/.m2/repository/org/apache/httpcomponents/httpclient/4.5.13/httpclient-4.5.13.jar:/Users/rubenhuybrighs/.m2/repository/org/apache/httpcomponents/httpcore/4.4.13/httpcore-4.4.13.jar:/Users/rubenhuybrighs/.m2/repository/commons-logging/commons-logging/1.2/commons-logging-1.2.jar:/Users/rubenhuybrighs/.m2/repository/commons-codec/commons-codec/1.11/commons-codec-1.11.jar:/Users/rubenhuybrighs/.m2/repository/org/apache/httpcomponents/httpmime/4.5.13/httpmime-4.5.13.jar:/Users/rubenhuybrighs/.m2/repository/tech/grasshopper/htmlextentreporter/1.0.1/htmlextentreporter-1.0.1.jar:/Users/rubenhuybrighs/.m2/repository/tech/grasshopper/extent-excel-report/1.3.0/extent-excel-report-1.3.0.jar:/Users/rubenhuybrighs/.m2/repository/org/apache/poi/poi/5.2.3/poi-5.2.3.jar:/Users/rubenhuybrighs/.m2/repository/org/apache/commons/commons-collections4/4.4/commons-collections4-4.4.jar:/Users/rubenhuybrighs/.m2/repository/org/apache/commons/commons-math3/3.6.1/commons-math3-3.6.1.jar:/Users/rubenhuybrighs/.m2/repository/com/zaxxer/SparseBitSet/1.2/SparseBitSet-1.2.jar:/Users/rubenhuybrighs/.m2/repository/org/apache/logging/log4j/log4j-api/2.18.0/log4j-api-2.18.0.jar:/Users/rubenhuybrighs/.m2/repository/org/apache/poi/poi-ooxml/5.2.3/poi-ooxml-5.2.3.jar:/Users/rubenhuybrighs/.m2/repository/org/apache/poi/poi-ooxml-lite/5.2.3/poi-ooxml-lite-5.2.3.jar:/Users/rubenhuybrighs/.m2/repository/org/apache/xmlbeans/xmlbeans/5.1.1/xmlbeans-5.1.1.jar:/Users/rubenhuybrighs/.m2/repository/org/apache/commons/commons-compress/1.21/commons-compress-1.21.jar:/Users/rubenhuybrighs/.m2/repository/com/github/virtuald/curvesapi/1.07/curvesapi-1.07.jar:/Users/rubenhuybrighs/.m2/repository/commons-io/commons-io/2.11.0/commons-io-2.11.0.jar:/Users/rubenhuybrighs/.m2/repository/org/projectlombok/lombok/1.18.22/lombok-1.18.22.jar:"/>
    <property name="java.vm.vendor" value="Homebrew"/>
    <property name="sun.arch.data.model" value="64"/>
    <property name="java.vendor.url" value="https://github.com/Homebrew/homebrew-core/issues"/>
    <property name="user.timezone" value="Europe/Brussels"/>
    <property name="os.name" value="Mac OS X"/>
    <property name="java.vm.specification.version" value="20"/>
    <property name="sun.java.launcher" value="SUN_STANDARD"/>
    <property name="user.country" value="GB"/>
    <property name="sun.boot.library.path" value="/opt/homebrew/Cellar/openjdk/20.0.1/libexec/openjdk.jdk/Contents/Home/lib"/>
    <property name="sun.java.command" value="/Users/rubenhuybrighs/Repositories/CucumberFramework/target/surefire/surefirebooter-20230615080525884_3.jar /Users/rubenhuybrighs/Repositories/CucumberFramework/target/surefire 2023-06-15T08-05-25_844-jvmRun1 surefire-20230615080525884_1tmp surefire_0-20230615080525884_2tmp"/>
    <property name="http.nonProxyHosts" value="local|*.local|169.254/16|*.169.254/16"/>
    <property name="jdk.debug" value="release"/>
    <property name="surefire.test.class.path" value="/Users/rubenhuybrighs/Repositories/CucumberFramework/target/test-classes:/Users/rubenhuybrighs/Repositories/CucumberFramework/target/classes:/Users/rubenhuybrighs/.m2/repository/io/cucumber/cucumber-java/7.10.1/cucumber-java-7.10.1.jar:/Users/rubenhuybrighs/.m2/repository/io/cucumber/cucumber-core/7.10.1/cucumber-core-7.10.1.jar:/Users/rubenhuybrighs/.m2/repository/io/cucumber/cucumber-gherkin/7.10.1/cucumber-gherkin-7.10.1.jar:/Users/rubenhuybrighs/.m2/repository/io/cucumber/cucumber-gherkin-messages/7.10.1/cucumber-gherkin-messages-7.10.1.jar:/Users/rubenhuybrighs/.m2/repository/io/cucumber/gherkin/25.0.2/gherkin-25.0.2.jar:/Users/rubenhuybrighs/.m2/repository/io/cucumber/messages/19.1.4/messages-19.1.4.jar:/Users/rubenhuybrighs/.m2/repository/io/cucumber/tag-expressions/4.1.0/tag-expressions-4.1.0.jar:/Users/rubenhuybrighs/.m2/repository/io/cucumber/cucumber-expressions/16.1.1/cucumber-expressions-16.1.1.jar:/Users/rubenhuybrighs/.m2/repository/io/cucumber/datatable/7.10.1/datatable-7.10.1.jar:/Users/rubenhuybrighs/.m2/repository/io/cucumber/cucumber-plugin/7.10.1/cucumber-plugin-7.10.1.jar:/Users/rubenhuybrighs/.m2/repository/io/cucumber/docstring/7.10.1/docstring-7.10.1.jar:/Users/rubenhuybrighs/.m2/repository/io/cucumber/html-formatter/20.2.0/html-formatter-20.2.0.jar:/Users/rubenhuybrighs/.m2/repository/io/cucumber/ci-environment/9.1.0/ci-environment-9.1.0.jar:/Users/rubenhuybrighs/.m2/repository/org/apiguardian/apiguardian-api/1.1.2/apiguardian-api-1.1.2.jar:/Users/rubenhuybrighs/.m2/repository/io/cucumber/cucumber-testng/7.11.2/cucumber-testng-7.11.2.jar:/Users/rubenhuybrighs/.m2/repository/org/testng/testng/7.7.1/testng-7.7.1.jar:/Users/rubenhuybrighs/.m2/repository/com/beust/jcommander/1.82/jcommander-1.82.jar:/Users/rubenhuybrighs/.m2/repository/org/webjars/jquery/3.6.1/jquery-3.6.1.jar:/Users/rubenhuybrighs/.m2/repository/org/seleniumhq/selenium/selenium-java/4.8.3/selenium-java-4.8.3.jar:/Users/rubenhuybrighs/.m2/repository/org/seleniumhq/selenium/selenium-api/4.8.3/selenium-api-4.8.3.jar:/Users/rubenhuybrighs/.m2/repository/org/seleniumhq/selenium/selenium-chrome-driver/4.8.3/selenium-chrome-driver-4.8.3.jar:/Users/rubenhuybrighs/.m2/repository/com/google/auto/service/auto-service-annotations/1.0.1/auto-service-annotations-1.0.1.jar:/Users/rubenhuybrighs/.m2/repository/com/google/auto/service/auto-service/1.0.1/auto-service-1.0.1.jar:/Users/rubenhuybrighs/.m2/repository/com/google/auto/auto-common/1.2/auto-common-1.2.jar:/Users/rubenhuybrighs/.m2/repository/com/google/guava/guava/31.1-jre/guava-31.1-jre.jar:/Users/rubenhuybrighs/.m2/repository/com/google/guava/failureaccess/1.0.1/failureaccess-1.0.1.jar:/Users/rubenhuybrighs/.m2/repository/com/google/guava/listenablefuture/9999.0-empty-to-avoid-conflict-with-guava/listenablefuture-9999.0-empty-to-avoid-conflict-with-guava.jar:/Users/rubenhuybrighs/.m2/repository/com/google/code/findbugs/jsr305/3.0.2/jsr305-3.0.2.jar:/Users/rubenhuybrighs/.m2/repository/org/checkerframework/checker-qual/3.12.0/checker-qual-3.12.0.jar:/Users/rubenhuybrighs/.m2/repository/com/google/errorprone/error_prone_annotations/2.11.0/error_prone_annotations-2.11.0.jar:/Users/rubenhuybrighs/.m2/repository/com/google/j2objc/j2objc-annotations/1.3/j2objc-annotations-1.3.jar:/Users/rubenhuybrighs/.m2/repository/org/seleniumhq/selenium/selenium-chromium-driver/4.8.3/selenium-chromium-driver-4.8.3.jar:/Users/rubenhuybrighs/.m2/repository/org/seleniumhq/selenium/selenium-json/4.8.3/selenium-json-4.8.3.jar:/Users/rubenhuybrighs/.m2/repository/org/seleniumhq/selenium/selenium-manager/4.8.3/selenium-manager-4.8.3.jar:/Users/rubenhuybrighs/.m2/repository/org/seleniumhq/selenium/selenium-devtools-v109/4.8.3/selenium-devtools-v109-4.8.3.jar:/Users/rubenhuybrighs/.m2/repository/org/seleniumhq/selenium/selenium-devtools-v110/4.8.3/selenium-devtools-v110-4.8.3.jar:/Users/rubenhuybrighs/.m2/repository/org/seleniumhq/selenium/selenium-devtools-v111/4.8.3/selenium-devtools-v111-4.8.3.jar:/Users/rubenhuybrighs/.m2/repository/org/seleniumhq/selenium/selenium-devtools-v85/4.8.3/selenium-devtools-v85-4.8.3.jar:/Users/rubenhuybrighs/.m2/repository/org/seleniumhq/selenium/selenium-edge-driver/4.8.3/selenium-edge-driver-4.8.3.jar:/Users/rubenhuybrighs/.m2/repository/org/seleniumhq/selenium/selenium-firefox-driver/4.8.3/selenium-firefox-driver-4.8.3.jar:/Users/rubenhuybrighs/.m2/repository/org/seleniumhq/selenium/selenium-http/4.8.3/selenium-http-4.8.3.jar:/Users/rubenhuybrighs/.m2/repository/dev/failsafe/failsafe/3.3.1/failsafe-3.3.1.jar:/Users/rubenhuybrighs/.m2/repository/org/seleniumhq/selenium/selenium-ie-driver/4.8.3/selenium-ie-driver-4.8.3.jar:/Users/rubenhuybrighs/.m2/repository/org/seleniumhq/selenium/selenium-remote-driver/4.8.3/selenium-remote-driver-4.8.3.jar:/Users/rubenhuybrighs/.m2/repository/io/netty/netty-buffer/4.1.90.Final/netty-buffer-4.1.90.Final.jar:/Users/rubenhuybrighs/.m2/repository/io/netty/netty-codec-http/4.1.90.Final/netty-codec-http-4.1.90.Final.jar:/Users/rubenhuybrighs/.m2/repository/io/netty/netty-codec/4.1.90.Final/netty-codec-4.1.90.Final.jar:/Users/rubenhuybrighs/.m2/repository/io/netty/netty-handler/4.1.90.Final/netty-handler-4.1.90.Final.jar:/Users/rubenhuybrighs/.m2/repository/io/netty/netty-common/4.1.90.Final/netty-common-4.1.90.Final.jar:/Users/rubenhuybrighs/.m2/repository/io/netty/netty-transport-classes-epoll/4.1.90.Final/netty-transport-classes-epoll-4.1.90.Final.jar:/Users/rubenhuybrighs/.m2/repository/io/netty/netty-transport-classes-kqueue/4.1.90.Final/netty-transport-classes-kqueue-4.1.90.Final.jar:/Users/rubenhuybrighs/.m2/repository/io/netty/netty-transport-native-epoll/4.1.90.Final/netty-transport-native-epoll-4.1.90.Final.jar:/Users/rubenhuybrighs/.m2/repository/io/netty/netty-transport-native-kqueue/4.1.90.Final/netty-transport-native-kqueue-4.1.90.Final.jar:/Users/rubenhuybrighs/.m2/repository/io/netty/netty-transport-native-unix-common/4.1.90.Final/netty-transport-native-unix-common-4.1.90.Final.jar:/Users/rubenhuybrighs/.m2/repository/io/netty/netty-transport/4.1.90.Final/netty-transport-4.1.90.Final.jar:/Users/rubenhuybrighs/.m2/repository/io/netty/netty-resolver/4.1.90.Final/netty-resolver-4.1.90.Final.jar:/Users/rubenhuybrighs/.m2/repository/io/opentelemetry/opentelemetry-api/1.24.0/opentelemetry-api-1.24.0.jar:/Users/rubenhuybrighs/.m2/repository/io/opentelemetry/opentelemetry-context/1.24.0/opentelemetry-context-1.24.0.jar:/Users/rubenhuybrighs/.m2/repository/io/opentelemetry/opentelemetry-exporter-logging/1.24.0/opentelemetry-exporter-logging-1.24.0.jar:/Users/rubenhuybrighs/.m2/repository/io/opentelemetry/opentelemetry-sdk-metrics/1.24.0/opentelemetry-sdk-metrics-1.24.0.jar:/Users/rubenhuybrighs/.m2/repository/io/opentelemetry/opentelemetry-sdk-logs/1.24.0-alpha/opentelemetry-sdk-logs-1.24.0-alpha.jar:/Users/rubenhuybrighs/.m2/repository/io/opentelemetry/opentelemetry-api-logs/1.24.0-alpha/opentelemetry-api-logs-1.24.0-alpha.jar:/Users/rubenhuybrighs/.m2/repository/io/opentelemetry/opentelemetry-api-events/1.24.0-alpha/opentelemetry-api-events-1.24.0-alpha.jar:/Users/rubenhuybrighs/.m2/repository/io/opentelemetry/opentelemetry-sdk-common/1.24.0/opentelemetry-sdk-common-1.24.0.jar:/Users/rubenhuybrighs/.m2/repository/io/opentelemetry/opentelemetry-sdk-extension-autoconfigure-spi/1.24.0/opentelemetry-sdk-extension-autoconfigure-spi-1.24.0.jar:/Users/rubenhuybrighs/.m2/repository/io/opentelemetry/opentelemetry-sdk-extension-autoconfigure/1.24.0-alpha/opentelemetry-sdk-extension-autoconfigure-1.24.0-alpha.jar:/Users/rubenhuybrighs/.m2/repository/io/opentelemetry/opentelemetry-sdk-trace/1.24.0/opentelemetry-sdk-trace-1.24.0.jar:/Users/rubenhuybrighs/.m2/repository/io/opentelemetry/opentelemetry-sdk/1.24.0/opentelemetry-sdk-1.24.0.jar:/Users/rubenhuybrighs/.m2/repository/io/opentelemetry/opentelemetry-semconv/1.24.0-alpha/opentelemetry-semconv-1.24.0-alpha.jar:/Users/rubenhuybrighs/.m2/repository/io/ous/jtoml/2.0.0/jtoml-2.0.0.jar:/Users/rubenhuybrighs/.m2/repository/net/bytebuddy/byte-buddy/1.14.2/byte-buddy-1.14.2.jar:/Users/rubenhuybrighs/.m2/repository/org/apache/commons/commons-exec/1.3/commons-exec-1.3.jar:/Users/rubenhuybrighs/.m2/repository/org/asynchttpclient/async-http-client/2.12.3/async-http-client-2.12.3.jar:/Users/rubenhuybrighs/.m2/repository/org/asynchttpclient/async-http-client-netty-utils/2.12.3/async-http-client-netty-utils-2.12.3.jar:/Users/rubenhuybrighs/.m2/repository/io/netty/netty-codec-socks/4.1.60.Final/netty-codec-socks-4.1.60.Final.jar:/Users/rubenhuybrighs/.m2/repository/io/netty/netty-handler-proxy/4.1.60.Final/netty-handler-proxy-4.1.60.Final.jar:/Users/rubenhuybrighs/.m2/repository/io/netty/netty-transport-native-epoll/4.1.60.Final/netty-transport-native-epoll-4.1.60.Final-linux-x86_64.jar:/Users/rubenhuybrighs/.m2/repository/io/netty/netty-transport-native-kqueue/4.1.60.Final/netty-transport-native-kqueue-4.1.60.Final-osx-x86_64.jar:/Users/rubenhuybrighs/.m2/repository/com/typesafe/netty/netty-reactive-streams/2.0.4/netty-reactive-streams-2.0.4.jar:/Users/rubenhuybrighs/.m2/repository/com/sun/activation/jakarta.activation/1.2.2/jakarta.activation-1.2.2.jar:/Users/rubenhuybrighs/.m2/repository/org/seleniumhq/selenium/selenium-safari-driver/4.8.3/selenium-safari-driver-4.8.3.jar:/Users/rubenhuybrighs/.m2/repository/org/seleniumhq/selenium/selenium-support/4.8.3/selenium-support-4.8.3.jar:/Users/rubenhuybrighs/.m2/repository/org/slf4j/slf4j-api/1.7.5/slf4j-api-1.7.5.jar:/Users/rubenhuybrighs/.m2/repository/org/slf4j/slf4j-simple/1.6.4/slf4j-simple-1.6.4.jar:/Users/rubenhuybrighs/.m2/repository/io/cucumber/cucumber-picocontainer/7.11.2/cucumber-picocontainer-7.11.2.jar:/Users/rubenhuybrighs/.m2/repository/org/picocontainer/picocontainer/2.15/picocontainer-2.15.jar:/Users/rubenhuybrighs/.m2/repository/com/aventstack/extentreports/5.0.9/extentreports-5.0.9.jar:/Users/rubenhuybrighs/.m2/repository/io/reactivex/rxjava3/rxjava/3.0.4/rxjava-3.0.4.jar:/Users/rubenhuybrighs/.m2/repository/org/reactivestreams/reactive-streams/1.0.3/reactive-streams-1.0.3.jar:/Users/rubenhuybrighs/.m2/repository/org/freemarker/freemarker/2.3.30/freemarker-2.3.30.jar:/Users/rubenhuybrighs/.m2/repository/com/google/code/gson/gson/2.8.6/gson-2.8.6.jar:/Users/rubenhuybrighs/.m2/repository/tech/grasshopper/extentreports-cucumber7-adapter/1.10.1/extentreports-cucumber7-adapter-1.10.1.jar:/Users/rubenhuybrighs/.m2/repository/tech/grasshopper/extent-pdf-report/2.9.1/extent-pdf-report-2.9.1.jar:/Users/rubenhuybrighs/.m2/repository/tech/grasshopper/cucumber-pdf-report/2.11.1/cucumber-pdf-report-2.11.1.jar:/Users/rubenhuybrighs/.m2/repository/org/apache/pdfbox/pdfbox/2.0.26/pdfbox-2.0.26.jar:/Users/rubenhuybrighs/.m2/repository/org/apache/pdfbox/fontbox/2.0.26/fontbox-2.0.26.jar:/Users/rubenhuybrighs/.m2/repository/org/knowm/xchart/xchart/3.8.0/xchart-3.8.0.jar:/Users/rubenhuybrighs/.m2/repository/de/erichseifert/vectorgraphics2d/VectorGraphics2D/0.13/VectorGraphics2D-0.13.jar:/Users/rubenhuybrighs/.m2/repository/de/rototor/pdfbox/graphics2d/0.30/graphics2d-0.30.jar:/Users/rubenhuybrighs/.m2/repository/com/madgag/animated-gif-lib/1.4/animated-gif-lib-1.4.jar:/Users/rubenhuybrighs/.m2/repository/org/yaml/snakeyaml/1.28/snakeyaml-1.28.jar:/Users/rubenhuybrighs/.m2/repository/tech/grasshopper/table-layout/1.5.1/table-layout-1.5.1.jar:/Users/rubenhuybrighs/.m2/repository/tech/grasshopper/rest-assured-cucumber-pdf-report/1.4.1/rest-assured-cucumber-pdf-report-1.4.1.jar:/Users/rubenhuybrighs/.m2/repository/org/jsoup/jsoup/1.15.3/jsoup-1.15.3.jar:/Users/rubenhuybrighs/.m2/repository/com/aventstack/klov-reporter/5.0.9/klov-reporter-5.0.9.jar:/Users/rubenhuybrighs/.m2/repository/org/mongodb/mongodb-driver/3.6.4/mongodb-driver-3.6.4.jar:/Users/rubenhuybrighs/.m2/repository/org/mongodb/mongodb-driver-core/3.6.4/mongodb-driver-core-3.6.4.jar:/Users/rubenhuybrighs/.m2/repository/org/mongodb/bson/3.6.4/bson-3.6.4.jar:/Users/rubenhuybrighs/.m2/repository/org/apache/httpcomponents/httpclient/4.5.13/httpclient-4.5.13.jar:/Users/rubenhuybrighs/.m2/repository/org/apache/httpcomponents/httpcore/4.4.13/httpcore-4.4.13.jar:/Users/rubenhuybrighs/.m2/repository/commons-logging/commons-logging/1.2/commons-logging-1.2.jar:/Users/rubenhuybrighs/.m2/repository/commons-codec/commons-codec/1.11/commons-codec-1.11.jar:/Users/rubenhuybrighs/.m2/repository/org/apache/httpcomponents/httpmime/4.5.13/httpmime-4.5.13.jar:/Users/rubenhuybrighs/.m2/repository/tech/grasshopper/htmlextentreporter/1.0.1/htmlextentreporter-1.0.1.jar:/Users/rubenhuybrighs/.m2/repository/tech/grasshopper/extent-excel-report/1.3.0/extent-excel-report-1.3.0.jar:/Users/rubenhuybrighs/.m2/repository/org/apache/poi/poi/5.2.3/poi-5.2.3.jar:/Users/rubenhuybrighs/.m2/repository/org/apache/commons/commons-collections4/4.4/commons-collections4-4.4.jar:/Users/rubenhuybrighs/.m2/repository/org/apache/commons/commons-math3/3.6.1/commons-math3-3.6.1.jar:/Users/rubenhuybrighs/.m2/repository/com/zaxxer/SparseBitSet/1.2/SparseBitSet-1.2.jar:/Users/rubenhuybrighs/.m2/repository/org/apache/logging/log4j/log4j-api/2.18.0/log4j-api-2.18.0.jar:/Users/rubenhuybrighs/.m2/repository/org/apache/poi/poi-ooxml/5.2.3/poi-ooxml-5.2.3.jar:/Users/rubenhuybrighs/.m2/repository/org/apache/poi/poi-ooxml-lite/5.2.3/poi-ooxml-lite-5.2.3.jar:/Users/rubenhuybrighs/.m2/repository/org/apache/xmlbeans/xmlbeans/5.1.1/xmlbeans-5.1.1.jar:/Users/rubenhuybrighs/.m2/repository/org/apache/commons/commons-compress/1.21/commons-compress-1.21.jar:/Users/rubenhuybrighs/.m2/repository/com/github/virtuald/curvesapi/1.07/curvesapi-1.07.jar:/Users/rubenhuybrighs/.m2/repository/commons-io/commons-io/2.11.0/commons-io-2.11.0.jar:/Users/rubenhuybrighs/.m2/repository/org/projectlombok/lombok/1.18.22/lombok-1.18.22.jar:"/>
    <property name="sun.cpu.endian" value="little"/>
    <property name="user.home" value="/Users/rubenhuybrighs"/>
    <property name="user.language" value="en"/>
    <property name="java.specification.vendor" value="Oracle Corporation"/>
    <property name="java.version.date" value="2023-04-18"/>
    <property name="java.home" value="/opt/homebrew/Cellar/openjdk/20.0.1/libexec/openjdk.jdk/Contents/Home"/>
    <property name="file.separator" value="/"/>
    <property name="basedir" value="/Users/rubenhuybrighs/Repositories/CucumberFramework"/>
    <property name="java.vm.compressedOopsMode" value="Zero based"/>
    <property name="line.separator" value="&#10;"/>
    <property name="java.vm.specification.vendor" value="Oracle Corporation"/>
    <property name="java.specification.name" value="Java Platform API Specification"/>
    <property name="apple.awt.application.name" value="ForkedBooter"/>
    <property name="surefire.real.class.path" value="/Users/rubenhuybrighs/Repositories/CucumberFramework/target/surefire/surefirebooter-20230615080525884_3.jar"/>
    <property name="sun.management.compiler" value="HotSpot 64-Bit Tiered Compilers"/>
    <property name="ftp.nonProxyHosts" value="local|*.local|169.254/16|*.169.254/16"/>
    <property name="java.runtime.version" value="20.0.1"/>
    <property name="user.name" value="rubenhuybrighs"/>
    <property name="stdout.encoding" value="UTF-8"/>
    <property name="path.separator" value=":"/>
    <property name="os.version" value="13.4"/>
    <property name="java.runtime.name" value="OpenJDK Runtime Environment"/>
    <property name="file.encoding" value="UTF-8"/>
    <property name="browser" value="Chrome"/>
    <property name="java.vm.name" value="OpenJDK 64-Bit Server VM"/>
    <property name="java.vendor.version" value="Homebrew"/>
    <property name="localRepository" value="/Users/rubenhuybrighs/.m2/repository"/>
    <property name="java.vendor.url.bug" value="https://github.com/Homebrew/homebrew-core/issues"/>
    <property name="java.io.tmpdir" value="/var/folders/b2/0tc7xk814g56kc1ncm3zpfwr0000gn/T/"/>
    <property name="java.version" value="20.0.1"/>
    <property name="cucumber.filter.tags" value="@PlaceOrder"/>
    <property name="user.dir" value="/Users/rubenhuybrighs/Repositories/CucumberFramework"/>
    <property name="os.arch" value="aarch64"/>
    <property name="java.vm.specification.name" value="Java Virtual Machine Specification"/>
    <property name="native.encoding" value="UTF-8"/>
    <property name="java.library.path" value="/Users/rubenhuybrighs/Library/Java/Extensions:/Library/Java/Extensions:/Network/Library/Java/Extensions:/System/Library/Java/Extensions:/usr/lib/java:."/>
    <property name="java.vm.info" value="mixed mode, sharing"/>
    <property name="stderr.encoding" value="UTF-8"/>
    <property name="java.vendor" value="Homebrew"/>
    <property name="java.vm.version" value="20.0.1"/>
    <property name="sun.io.unicode.encoding" value="UnicodeBig"/>
    <property name="socksNonProxyHosts" value="local|*.local|169.254/16|*.169.254/16"/>
    <property name="java.class.version" value="64.0"/>
  </properties>
  <testcase name="runScenario[&quot;Search experience for product search in both home and offers page&quot;, &quot;Place an order&quot;](1)" classname="cucumberOptions.TestNGTestRunner" time="4,627.198">
    <system-out><![CDATA[Tomato is extracted from homepage.
]]></system-out>
    <system-err><![CDATA[Starting ChromeDriver 114.0.5735.90 (386bc09e8f4f2e025eddae123f36f6263096ae49-refs/branch-heads/5735@{#1052}) on port 16677
Only local connections are allowed.
Please see https://chromedriver.chromium.org/security-considerations for suggestions on keeping ChromeDriver safe.
ChromeDriver was started successfully.
Jun 15, 2023 8:05:27 AM org.openqa.selenium.devtools.CdpVersionFinder findNearestMatch
WARNING: Unable to find an exact match for CDP version 114, so returning the closest version found: 111
4627546 [AsyncHttpClient-1-4] WARN org.asynchttpclient.netty.handler.WebSocketHandler - onError
java.net.SocketException: Connection reset
	at java.base/sun.nio.ch.SocketChannelImpl.throwConnectionReset(SocketChannelImpl.java:401)
	at java.base/sun.nio.ch.SocketChannelImpl.read(SocketChannelImpl.java:434)
	at io.netty.buffer.PooledByteBuf.setBytes(PooledByteBuf.java:256)
	at io.netty.buffer.AbstractByteBuf.writeBytes(AbstractByteBuf.java:1132)
	at io.netty.channel.socket.nio.NioSocketChannel.doReadBytes(NioSocketChannel.java:357)
	at io.netty.channel.nio.AbstractNioByteChannel$NioByteUnsafe.read(AbstractNioByteChannel.java:151)
	at io.netty.channel.nio.NioEventLoop.processSelectedKey(NioEventLoop.java:788)
	at io.netty.channel.nio.NioEventLoop.processSelectedKeysOptimized(NioEventLoop.java:724)
	at io.netty.channel.nio.NioEventLoop.processSelectedKeys(NioEventLoop.java:650)
	at io.netty.channel.nio.NioEventLoop.run(NioEventLoop.java:562)
	at io.netty.util.concurrent.SingleThreadEventExecutor$4.run(SingleThreadEventExecutor.java:997)
	at io.netty.util.internal.ThreadExecutorMap$2.run(ThreadExecutorMap.java:74)
	at io.netty.util.concurrent.FastThreadLocalRunnable.run(FastThreadLocalRunnable.java:30)
	at java.base/java.lang.Thread.run(Thread.java:1623)
Jun 15, 2023 9:22:33 AM org.openqa.selenium.remote.http.WebSocket$Listener onError
WARNING: Connection reset
java.net.SocketException: Connection reset
	at java.base/sun.nio.ch.SocketChannelImpl.throwConnectionReset(SocketChannelImpl.java:401)
	at java.base/sun.nio.ch.SocketChannelImpl.read(SocketChannelImpl.java:434)
	at io.netty.buffer.PooledByteBuf.setBytes(PooledByteBuf.java:256)
	at io.netty.buffer.AbstractByteBuf.writeBytes(AbstractByteBuf.java:1132)
	at io.netty.channel.socket.nio.NioSocketChannel.doReadBytes(NioSocketChannel.java:357)
	at io.netty.channel.nio.AbstractNioByteChannel$NioByteUnsafe.read(AbstractNioByteChannel.java:151)
	at io.netty.channel.nio.NioEventLoop.processSelectedKey(NioEventLoop.java:788)
	at io.netty.channel.nio.NioEventLoop.processSelectedKeysOptimized(NioEventLoop.java:724)
	at io.netty.channel.nio.NioEventLoop.processSelectedKeys(NioEventLoop.java:650)
	at io.netty.channel.nio.NioEventLoop.run(NioEventLoop.java:562)
	at io.netty.util.concurrent.SingleThreadEventExecutor$4.run(SingleThreadEventExecutor.java:997)
	at io.netty.util.internal.ThreadExecutorMap$2.run(ThreadExecutorMap.java:74)
	at io.netty.util.concurrent.FastThreadLocalRunnable.run(FastThreadLocalRunnable.java:30)
	at java.base/java.lang.Thread.run(Thread.java:1623)

]]></system-err>
  </testcase>
</testsuite>