<?xml version="1.0" encoding="UTF-8"?>
<!-- Generated by org.testng.reporters.JUnitReportReporter -->
<testsuite hostname="Rubens-MacBook-Air.local" failures="0" tests="1" name="cucumberOptions.TestNGTestRunner" time="4627.197" errors="0" timestamp="2023-06-15T09:24:58 CEST" skipped="0">
  <testcase classname="cucumberOptions.TestNGTestRunner" name="runScenario" time="4627.197"/>
  <system-out/>
</testsuite> <!-- cucumberOptions.TestNGTestRunner -->
